<?xml version="1.0" encoding="UTF-8"?>
<testng-results total="2" passed="2" failed="0" skipped="0">
  <reporter-output>
  </reporter-output>
  <suite started-at="2024-03-10T07:54:09Z" name="Default suite" finished-at="2024-03-10T07:54:12Z" duration-ms="3094">
    <groups>
    </groups>
    <test started-at="2024-03-10T07:54:09Z" name="Default test" finished-at="2024-03-10T07:54:12Z" duration-ms="3094">
      <class name="tests.devopsAutomation">
        <test-method signature="test1()[pri:0, instance:tests.devopsAutomation@5d908d47]" started-at="2024-03-10T13:24:09Z" name="test1" finished-at="2024-03-10T13:24:10Z" duration-ms="1754" status="PASS">
          <reporter-output>
          </reporter-output>
        </test-method> <!-- test1 -->
        <test-method signature="test2()[pri:0, instance:tests.devopsAutomation@5d908d47]" started-at="2024-03-10T13:24:10Z" name="test2" finished-at="2024-03-10T13:24:12Z" duration-ms="1313" status="PASS">
          <reporter-output>
          </reporter-output>
        </test-method> <!-- test2 -->
      </class> <!-- tests.devopsAutomation -->
    </test> <!-- Default test -->
  </suite> <!-- Default suite -->
</testng-results>
